<?xml version="1.0" encoding="UTF-8"?>
<!-- Generated by org.testng.reporters.JUnitXMLReporter -->
<testsuite ignored="0" hostname="DESKTOP-4FFBNMC" failures="0" tests="2" name="ChromeTest" time="63.598" errors="0" timestamp="2023-08-21T22:28:54 IST">
  <testcase classname="executePageClasses.ActiveVisitTestClass" name="verifyThePatientIsNotDisplayedInActiveVisitsWhenVisitNotStarted" time="20.456"/>
  <testcase classname="executePageClasses.ActiveVisitTestClass" name="verifyThePatientIsInActiveVisitsWhenVisitStarts" time="27.871"/>
</testsuite> <!-- ChromeTest -->
